# JRE version: OpenJDK Runtime Environment GraalVM CE 17.0.7+4.1 (17.0.7+4) (build 17.0.7+4-jvmci-23.0-b10)
# Java VM: OpenJDK 64-Bit Server VM GraalVM CE 17.0.7+4.1 (17.0.7+4-jvmci-23.0-b10, mixed mode, sharing, tiered, jvmci, jvmci compiler, compressed oops, compressed class ptrs, g1 gc, linux-amd64)
GC Precious Log:
 CPUs: 32 total, 32 available
 Memory: 63404M
 Large Page Support: Disabled
 NUMA Support: Disabled
 Compressed Oops: Enabled (Zero based)
 Heap Region Size: 8M
 Heap Min Capacity: 8M
 Heap Initial Capacity: 992M
 Heap Max Capacity: 15856M
 Pre-touch: Disabled
 Parallel Workers: 23
 Concurrent Workers: 6
 Concurrent Refinement Workers: 23
 Periodic GC: Disabled
Heap:
 garbage-first heap   total 622592K, used 147947K [0x0000000421000000, 0x0000000800000000)
  region size 8192K, 9 young (73728K), 2 survivors (16384K)
 Metaspace       used 91322K, committed 91712K, reserved 1179648K
  class space    used 12224K, committed 12416K, reserved 1048576K
GC Heap History (20 events):
Event: 0.704 GC heap before
{Heap before GC invocations=4 (full 0):
 garbage-first heap   total 163840K, used 39398K [0x0000000421000000, 0x0000000800000000)
  region size 8192K, 2 young (16384K), 1 survivors (8192K)
 Metaspace       used 34122K, committed 34368K, reserved 1114112K
  class space    used 4177K, committed 4288K, reserved 1048576K
}
Event: 0.707 GC heap after
{Heap after GC invocations=5 (full 0):
 garbage-first heap   total 163840K, used 29885K [0x0000000421000000, 0x0000000800000000)
  region size 8192K, 1 young (8192K), 1 survivors (8192K)
 Metaspace       used 34122K, committed 34368K, reserved 1114112K
  class space    used 4177K, committed 4288K, reserved 1048576K
}
Event: 0.737 GC heap before
{Heap before GC invocations=5 (full 0):
 garbage-first heap   total 163840K, used 29885K [0x0000000421000000, 0x0000000800000000)
  region size 8192K, 2 young (16384K), 1 survivors (8192K)
 Metaspace       used 35949K, committed 36160K, reserved 1114112K
  class space    used 4506K, committed 4608K, reserved 1048576K
}
Event: 0.739 GC heap after
{Heap after GC invocations=6 (full 0):
 garbage-first heap   total 163840K, used 31200K [0x0000000421000000, 0x0000000800000000)
  region size 8192K, 1 young (8192K), 1 survivors (8192K)
 Metaspace       used 35949K, committed 36160K, reserved 1114112K
  class space    used 4506K, committed 4608K, reserved 1048576K
}
Event: 0.960 GC heap before
{Heap before GC invocations=7 (full 0):
 garbage-first heap   total 163840K, used 88544K [0x0000000421000000, 0x0000000800000000)
  region size 8192K, 8 young (65536K), 1 survivors (8192K)
 Metaspace       used 49509K, committed 49728K, reserved 1114112K
  class space    used 7078K, committed 7168K, reserved 1048576K
}
Event: 0.963 GC heap after
{Heap after GC invocations=8 (full 0):
 garbage-first heap   total 163840K, used 37133K [0x0000000421000000, 0x0000000800000000)
  region size 8192K, 1 young (8192K), 1 survivors (8192K)
 Metaspace       used 49509K, committed 49728K, reserved 1114112K
  class space    used 7078K, committed 7168K, reserved 1048576K
}
Event: 1.003 GC heap before
{Heap before GC invocations=8 (full 0):
 garbage-first heap   total 163840K, used 45325K [0x0000000421000000, 0x0000000800000000)
  region size 8192K, 2 young (16384K), 1 survivors (8192K)
 Metaspace       used 51895K, committed 52160K, reserved 1114112K
  class space    used 7626K, committed 7744K, reserved 1048576K
}
Event: 1.010 GC heap after
{Heap after GC invocations=9 (full 0):
 garbage-first heap   total 163840K, used 37129K [0x0000000421000000, 0x0000000800000000)
  region size 8192K, 1 young (8192K), 1 survivors (8192K)
 Metaspace       used 51895K, committed 52160K, reserved 1114112K
  class space    used 7626K, committed 7744K, reserved 1048576K
}
Event: 1.212 GC heap before
{Heap before GC invocations=9 (full 0):
 garbage-first heap   total 163840K, used 78089K [0x0000000421000000, 0x0000000800000000)
  region size 8192K, 7 young (57344K), 1 survivors (8192K)
 Metaspace       used 60698K, committed 60928K, reserved 1114112K
  class space    used 8908K, committed 9024K, reserved 1048576K
}
Event: 1.216 GC heap after
{Heap after GC invocations=10 (full 0):
 garbage-first heap   total 589824K, used 43418K [0x0000000421000000, 0x0000000800000000)
  region size 8192K, 1 young (8192K), 1 survivors (8192K)
 Metaspace       used 60698K, committed 60928K, reserved 1114112K
  class space    used 8908K, committed 9024K, reserved 1048576K
}
Event: 2.107 GC heap before
{Heap before GC invocations=11 (full 0):
 garbage-first heap   total 221184K, used 158106K [0x0000000421000000, 0x0000000800000000)
  region size 8192K, 16 young (131072K), 1 survivors (8192K)
 Metaspace       used 75526K, committed 75840K, reserved 1114112K
  class space    used 10305K, committed 10496K, reserved 1048576K
}
Event: 2.121 GC heap after
{Heap after GC invocations=12 (full 0):
 garbage-first heap   total 221184K, used 73606K [0x0000000421000000, 0x0000000800000000)
  region size 8192K, 2 young (16384K), 2 survivors (16384K)
 Metaspace       used 75526K, committed 75840K, reserved 1114112K
  class space    used 10305K, committed 10496K, reserved 1048576K
}
Event: 2.168 GC heap before
{Heap before GC invocations=12 (full 0):
 garbage-first heap   total 221184K, used 81798K [0x0000000421000000, 0x0000000800000000)
  region size 8192K, 3 young (24576K), 2 survivors (16384K)
 Metaspace       used 76360K, committed 76672K, reserved 1179648K
  class space    used 10362K, committed 10496K, reserved 1048576K
}
Event: 2.174 GC heap after
{Heap after GC invocations=13 (full 0):
 garbage-first heap   total 221184K, used 78561K [0x0000000421000000, 0x0000000800000000)
  region size 8192K, 1 young (8192K), 1 survivors (8192K)
 Metaspace       used 76360K, committed 76672K, reserved 1179648K
  class space    used 10362K, committed 10496K, reserved 1048576K
}
Event: 2.243 GC heap before
{Heap before GC invocations=13 (full 0):
 garbage-first heap   total 221184K, used 127713K [0x0000000421000000, 0x0000000800000000)
  region size 8192K, 7 young (57344K), 1 survivors (8192K)
 Metaspace       used 76564K, committed 76864K, reserved 1179648K
  class space    used 10363K, committed 10496K, reserved 1048576K
}
Event: 2.245 GC heap after
{Heap after GC invocations=14 (full 0):
 garbage-first heap   total 221184K, used 78401K [0x0000000421000000, 0x0000000800000000)
  region size 8192K, 1 young (8192K), 1 survivors (8192K)
 Metaspace       used 76564K, committed 76864K, reserved 1179648K
  class space    used 10363K, committed 10496K, reserved 1048576K
}
Event: 2.463 GC heap before
{Heap before GC invocations=14 (full 0):
 garbage-first heap   total 221184K, used 135745K [0x0000000421000000, 0x0000000800000000)
  region size 8192K, 8 young (65536K), 1 survivors (8192K)
 Metaspace       used 78172K, committed 78528K, reserved 1179648K
  class space    used 10428K, committed 10624K, reserved 1048576K
}
Event: 2.467 GC heap after
{Heap after GC invocations=15 (full 0):
 garbage-first heap   total 221184K, used 85714K [0x0000000421000000, 0x0000000800000000)
  region size 8192K, 1 young (8192K), 1 survivors (8192K)
 Metaspace       used 78172K, committed 78528K, reserved 1179648K
  class space    used 10428K, committed 10624K, reserved 1048576K
}
Event: 2.847 GC heap before
{Heap before GC invocations=15 (full 0):
 garbage-first heap   total 221184K, used 151250K [0x0000000421000000, 0x0000000800000000)
  region size 8192K, 9 young (73728K), 1 survivors (8192K)
 Metaspace       used 85404K, committed 85760K, reserved 1179648K
  class space    used 11339K, committed 11520K, reserved 1048576K
}
Event: 2.853 GC heap after
{Heap after GC invocations=16 (full 0):
 garbage-first heap   total 622592K, used 98795K [0x0000000421000000, 0x0000000800000000)
  region size 8192K, 2 young (16384K), 2 survivors (16384K)
 Metaspace       used 85404K, committed 85760K, reserved 1179648K
  class space    used 11339K, committed 11520K, reserved 1048576K
}

